<?xml version="1.0" encoding="UTF-8"?>
<!-- Generated by org.testng.reporters.JUnitXMLReporter -->
<testsuite ignored="2" hostname="JspidersThane" failures="0" tests="2" name="Test" time="0.114" errors="0" timestamp="2025-12-23T10:50:25 IST">
  <testcase classname="testNg.M12" name="m1" time="0.024"/>
  <testcase classname="testNg.M12" name="m4" time="0.002"/>
  <testcase classname="testNg.M12" name="m2" time="0.0">
    <ignored/>
  </testcase> <!-- m2 -->
  <testcase classname="testNg.M12" name="m3" time="0.0">
    <ignored/>
  </testcase> <!-- m3 -->
</testsuite> <!-- Test -->
