<?xml version="1.0" encoding="UTF-8"?>
<!-- Generated by org.testng.reporters.JUnitReportReporter -->
<testsuite hostname="JspidersThane" failures="0" tests="2" name="testNg.M12" time="0.026" errors="0" timestamp="2025-12-23T10:50:25 IST" skipped="0">
  <testcase classname="testNg.M12" name="m4" time="0.002">
    <system-out>
      <![CDATA[execution from m4]]>
    </system-out>
  </testcase> <!-- m4 -->
  <testcase classname="testNg.M12" name="m1" time="0.024">
    <system-out>
      <![CDATA[execution from m1]]>
    </system-out>
  </testcase> <!-- m1 -->
  <system-out>
    <![CDATA[execution from m1
execution from m4]]>
  </system-out>
</testsuite> <!-- testNg.M12 -->
