<?xml version="1.0" encoding="UTF-8"?>
<!-- Generated by org.testng.reporters.JUnitReportReporter -->
<testsuite hostname="JspidersThane" failures="0" tests="3" name="testNg.DependsOnMethod" time="0.018" errors="0" timestamp="2025-12-11T09:54:22 IST" skipped="0">
  <testcase classname="testNg.DependsOnMethod" name="EditAccount" time="0.002">
    <system-out>
      <![CDATA[EditAccount]]>
    </system-out>
  </testcase> <!-- EditAccount -->
  <testcase classname="testNg.DependsOnMethod" name="DeleteAccount" time="0.002">
    <system-out>
      <![CDATA[DeleteAccount]]>
    </system-out>
  </testcase> <!-- DeleteAccount -->
  <testcase classname="testNg.DependsOnMethod" name="CreateAccount" time="0.014">
    <system-out>
      <![CDATA[CreateAccount]]>
    </system-out>
  </testcase> <!-- CreateAccount -->
  <system-out>
    <![CDATA[CreateAccount
DeleteAccount
EditAccount
execution from m1
execution from m3
execution from m4]]>
  </system-out>
</testsuite> <!-- testNg.DependsOnMethod -->
